<?xml version="1.0" encoding="UTF-8"?>
<testsuite xmlns:xsi="http://www.w3.org/2001/XMLSchema-instance" xsi:noNamespaceSchemaLocation="https://maven.apache.org/surefire/maven-surefire-plugin/xsd/surefire-test-report-3.0.xsd" version="3.0" name="com.workspacepi.apiquoteflow.ApiQuoteFlowApplicationTests" time="7.343" tests="1" errors="0" skipped="0" failures="0">
  <properties>
[...]
</properties>
  <testcase name="contextLoads" classname="com.workspacepi.apiquoteflow.ApiQuoteFlowApplicationTests" time="1.676">
    <system-out><![CDATA[22:21:20.715 [main] INFO org.springframework.test.context.support.AnnotationConfigContextLoaderUtils -- Could not detect default configuration classes for test class [com.workspacepi.apiquoteflow.ApiQuoteFlowApplicationTests]: ApiQuoteFlowApplicationTests does not declare any static, non-private, non-final, nested classes annotated with @Configuration.
22:21:20.981 [main] INFO org.springframework.boot.test.context.SpringBootTestContextBootstrapper -- Found @SpringBootConfiguration com.workspacepi.apiquoteflow.ApiQuoteFlowApplication for test class com.workspacepi.apiquoteflow.ApiQuoteFlowApplicationTests

  .   ____          _            __ _ _
 /\\ / ___'_ __ _ _(_)_ __  __ _ \ \ \ \
( ( )\___ | '_ | '_| | '_ \/ _` | \ \ \ \
 \\/  ___)| |_)| | | | | || (_| |  ) ) ) )
  '  |____| .__|_| |_|_| |_\__, | / / / /
 =========|_|==============|___/=/_/_/_/

 :: Spring Boot ::                (v3.3.3)

2024-11-07T22:21:21.908-03:00  INFO 21496 --- [apiQuoteFlow] [           main] c.w.a.ApiQuoteFlowApplicationTests       : Starting ApiQuoteFlowApplicationTests using Java 22.0.1 with PID 21496 (started by gerso in C:\Users\gerso\OneDrive\Área de Trabalho\ProjectQuoteFlow\apiQuoteFlow)
2024-11-07T22:21:21.912-03:00  INFO 21496 --- [apiQuoteFlow] [           main] c.w.a.ApiQuoteFlowApplicationTests       : No active profile set, falling back to 1 default profile: "default"
2024-11-07T22:21:23.258-03:00  INFO 21496 --- [apiQuoteFlow] [           main] .s.d.r.c.RepositoryConfigurationDelegate : Bootstrapping Spring Data JDBC repositories in DEFAULT mode.
2024-11-07T22:21:23.300-03:00  INFO 21496 --- [apiQuoteFlow] [           main] .s.d.r.c.RepositoryConfigurationDelegate : Finished Spring Data repository scanning in 35 ms. Found 0 JDBC repository interfaces.
2024-11-07T22:21:24.118-03:00  INFO 21496 --- [apiQuoteFlow] [           main] r$InitializeUserDetailsManagerConfigurer : Global AuthenticationManager configured with UserDetailsService bean with name authorizationService
2024-11-07T22:21:25.441-03:00  INFO 21496 --- [apiQuoteFlow] [           main] com.zaxxer.hikari.HikariDataSource       : quoteflow - Starting...
2024-11-07T22:21:25.781-03:00  INFO 21496 --- [apiQuoteFlow] [           main] com.zaxxer.hikari.pool.HikariPool        : quoteflow - Added connection org.postgresql.jdbc.PgConnection@9dc782d
2024-11-07T22:21:25.783-03:00  INFO 21496 --- [apiQuoteFlow] [           main] com.zaxxer.hikari.HikariDataSource       : quoteflow - Start completed.
2024-11-07T22:21:26.055-03:00  INFO 21496 --- [apiQuoteFlow] [           main] c.w.a.ApiQuoteFlowApplicationTests       : Started ApiQuoteFlowApplicationTests in 4.803 seconds (process running for 6.378)
]]></system-out>
    <system-err><![CDATA[WARNING: A Java agent has been loaded dynamically (C:\Users\gerso\.m2\repository\net\bytebuddy\byte-buddy-agent\1.14.19\byte-buddy-agent-1.14.19.jar)
WARNING: If a serviceability tool is in use, please run with -XX:+EnableDynamicAgentLoading to hide this warning
WARNING: If a serviceability tool is not in use, please run with -Djdk.instrument.traceUsage for more information
WARNING: Dynamic loading of agents will be disallowed by default in a future release
]]></system-err>
  </testcase>
</testsuite>